<?xml version="1.0" encoding="UTF-8"?>
<testng-results ignored="0" total="0" passed="0" failed="0" skipped="0">
  <reporter-output>
  </reporter-output>
  <suite started-at="2022-05-31T21:27:04 TRT" name="utilities.TestBase" finished-at="2022-05-31T21:27:04 TRT" duration-ms="13">
    <groups>
    </groups>
    <test started-at="2022-05-31T21:27:04 TRT" name="Command line test" finished-at="2022-05-31T21:27:04 TRT" duration-ms="13">
    </test> <!-- Command line test -->
  </suite> <!-- utilities.TestBase -->
</testng-results>
